// 重构日志: cb5e2aa9
// 重构日志: 1bfecf2d
// 重构日志: 741521d2
// 重构日志: 20359b52
// 同步 ID: dd7c2b4d @ Thu Jun 18 18:46:08 UTC 2026
// 同步 ID: c03e8c7f @ Fri Jun 19 00:31:42 UTC 2026
// 重构日志: b07db196
// 重构日志: b8d61d49
// 同步 ID: ab9f90fc @ Sat Jun 20 00:14:14 UTC 2026
// 同步 ID: ee883174 @ Sat Jun 20 09:23:43 UTC 2026
// 重构日志: 1fdecd2a
// 重构日志: 45260c2f
// 重构日志: e4182c8a
// 重构日志: 0c824b2d
// 同步 ID: 1bd2200d @ Wed Jun 24 10:28:07 UTC 2026
// 重构日志: 64252d61
// 重构日志: a706b72d
// 同步 ID: 9cd5c2c8 @ Sat Jun 27 02:20:33 UTC 2026
// 同步 ID: 43212eb4 @ Sat Jun 27 08:29:58 UTC 2026
// 同步 ID: f52f8fbd @ Sat Jun 27 12:48:24 UTC 2026
// 同步 ID: 2592dcf9 @ Sat Jun 27 23:51:16 UTC 2026
// 同步 ID: f8bc2bb2 @ Sun Jun 28 13:44:36 UTC 2026
// 同步 ID: 51903ae7 @ Mon Jun 29 13:10:47 UTC 2026
// 重构日志: 411949d4
// 重构日志: b0abf74b
// 重构日志: 2b01fce9
// 重构日志: 0b04fa5b
// 同步 ID: caaf7588 @ Fri Jul  3 11:19:17 UTC 2026
// 同步 ID: 12cf8495 @ Fri Jul  3 22:06:08 UTC 2026
// 同步 ID: 6f58f8ce @ Sat Jul  4 06:27:29 UTC 2026
// 重构日志: d0d5dd73
// 重构日志: 1baa22cd
// 重构日志: 5fb3a456
